TallerMecatronico/Temp/gradleOut/unityLibrary/build/intermediates/manifest_merge_blame_file/release/manifest-merger-blame-release-report.txt
1<?xml version="1.0" encoding="utf-8"?>
2<!-- GENERATED BY UNITY. REMOVE THIS COMMENT TO PREVENT OVERWRITING WHEN EXPORTING AGAIN -->
3<manifest xmlns:android="http://schemas.android.com/apk/res/android"
4    xmlns:tools="http://schemas.android.com/tools"
5    package="com.unity3d.player"
6    android:versionCode="1"
7    android:versionName="0.1" >
8
9    <uses-sdk
10        android:minSdkVersion="19"
10-->src\main\AndroidManifest.xml
11        android:targetSdkVersion="29" />
11-->src\main\AndroidManifest.xml
12
13    <uses-feature android:glEsVersion="0x00030000" />
13-->src\main\AndroidManifest.xml:17:3-52
13-->src\main\AndroidManifest.xml:17:17-49
14    <uses-feature
14-->src\main\AndroidManifest.xml:18:3-91
15        android:name="android.hardware.vulkan.version"
15-->src\main\AndroidManifest.xml:18:17-63
16        android:required="false" />
16-->src\main\AndroidManifest.xml:18:64-88
17
18    <supports-gl-texture android:name="GL_OES_compressed_ETC1_RGB8_texture" />
18-->src\main\AndroidManifest.xml:19:3-77
18-->src\main\AndroidManifest.xml:19:24-74
19
20    <uses-feature
20-->src\main\AndroidManifest.xml:20:3-88
21        android:name="android.hardware.touchscreen"
21-->src\main\AndroidManifest.xml:20:17-60
22        android:required="false" />
22-->src\main\AndroidManifest.xml:20:61-85
23    <uses-feature
23-->src\main\AndroidManifest.xml:21:3-99
24        android:name="android.hardware.touchscreen.multitouch"
24-->src\main\AndroidManifest.xml:21:17-71
25        android:required="false" />
25-->src\main\AndroidManifest.xml:21:72-96
26    <uses-feature
26-->src\main\AndroidManifest.xml:22:3-108
27        android:name="android.hardware.touchscreen.multitouch.distinct"
27-->src\main\AndroidManifest.xml:22:17-80
28        android:required="false" />
28-->src\main\AndroidManifest.xml:22:81-105
29
30    <application>
30-->src\main\AndroidManifest.xml:4:3-16:17
31        <activity
31-->src\main\AndroidManifest.xml:5:5-11:16
32            android:name="com.unity3d.player.UnityPlayerActivity"
32-->src\main\AndroidManifest.xml:5:15-68
33            android:configChanges="mcc|mnc|locale|touchscreen|keyboard|keyboardHidden|navigation|orientation|screenLayout|uiMode|screenSize|smallestScreenSize|fontScale|layoutDirection|density"
33-->src\main\AndroidManifest.xml:5:188-369
34            android:hardwareAccelerated="false"
34-->src\main\AndroidManifest.xml:5:405-440
35            android:launchMode="singleTask"
35-->src\main\AndroidManifest.xml:5:156-187
36            android:resizeableActivity="false"
36-->src\main\AndroidManifest.xml:5:370-404
37            android:screenOrientation="reverseLandscape"
37-->src\main\AndroidManifest.xml:5:111-155
38            android:theme="@style/UnityThemeSelector" >
38-->src\main\AndroidManifest.xml:5:69-110
39            <intent-filter>
39-->src\main\AndroidManifest.xml:6:7-9:23
40                <action android:name="android.intent.action.MAIN" />
40-->src\main\AndroidManifest.xml:7:9-61
40-->src\main\AndroidManifest.xml:7:17-58
41
42                <category android:name="android.intent.category.LAUNCHER" />
42-->src\main\AndroidManifest.xml:8:9-69
42-->src\main\AndroidManifest.xml:8:19-66
43            </intent-filter>
44
45            <meta-data
45-->src\main\AndroidManifest.xml:10:7-82
46                android:name="unityplayer.UnityActivity"
46-->src\main\AndroidManifest.xml:10:18-58
47                android:value="true" />
47-->src\main\AndroidManifest.xml:10:59-79
48        </activity>
49
50        <meta-data
50-->src\main\AndroidManifest.xml:12:5-69
51            android:name="unity.splash-mode"
51-->src\main\AndroidManifest.xml:12:16-48
52            android:value="0" />
52-->src\main\AndroidManifest.xml:12:49-66
53        <meta-data
53-->src\main\AndroidManifest.xml:13:5-74
54            android:name="unity.splash-enable"
54-->src\main\AndroidManifest.xml:13:16-50
55            android:value="True" />
55-->src\main\AndroidManifest.xml:13:51-71
56        <meta-data
56-->src\main\AndroidManifest.xml:14:5-84
57            android:name="unity.allow-resizable-window"
57-->src\main\AndroidManifest.xml:14:16-59
58            android:value="False" />
58-->src\main\AndroidManifest.xml:14:60-81
59        <meta-data
59-->src\main\AndroidManifest.xml:15:5-101
60            android:name="unity.build-id"
60-->src\main\AndroidManifest.xml:15:16-45
61            android:value="a323ebc8-9525-4b70-99d9-85abd7a302f0" />
61-->src\main\AndroidManifest.xml:15:46-98
62    </application>
63
64</manifest>